<?xml version="1.0" encoding="UTF-8"?>
<!-- Generated by org.testng.reporters.JUnitReportReporter -->
<testsuite hostname="DESKTOP-EPS7FTC" failures="0" tests="1" name="RGPS_TestRunner.RGPS_TestRunner" time="50.677" errors="0" timestamp="2023-08-02T21:39:40 CDT" skipped="0">
  <testcase classname="RGPS_TestRunner.RGPS_TestRunner" name="feature" time="50.677"/>
  <system-out/>
</testsuite> <!-- RGPS_TestRunner.RGPS_TestRunner -->
